{"level":"error","message":"HTTP error! Status: 404","service":"user-service"}
{"level":"error","message":"No slug provided","service":"user-service"}
{"level":"error","message":"No slug provided","service":"user-service"}
{"level":"error","message":"No slug provided","service":"user-service"}
{"level":"error","message":"No slug provided","service":"user-service"}
{"level":"error","message":"No slug provided","service":"user-service"}
{"level":"error","message":"No slug provided","service":"user-service"}
{"level":"error","message":"No slug provided","service":"user-service"}
{"level":"error","message":"No slug provided","service":"user-service"}
{"level":"error","message":"No slug provided","service":"user-service"}
{"level":"error","message":"No slug provided","service":"user-service"}
{"level":"error","message":"No slug provided","service":"user-service"}
{"level":"error","message":"No slug provided","service":"user-service"}
{"level":"error","message":"No slug provided","service":"user-service"}
{"level":"error","message":"No slug provided","service":"user-service"}
{"level":"error","message":"No slug provided","service":"user-service"}
{"level":"error","message":"No slug provided","service":"user-service"}
{"level":"error","message":"No slug provided","service":"user-service"}
{"level":"error","message":"No slug provided","service":"user-service"}
{"level":"error","message":"No slug provided","service":"user-service"}
{"level":"error","message":"No slug provided","service":"user-service"}
{"level":"error","message":"No slug provided","service":"user-service"}
{"level":"error","message":"No slug provided","service":"user-service"}
{"level":"error","message":"No slug provided","service":"user-service"}
{"level":"error","message":"No slug provided","service":"user-service"}
{"level":"error","message":"No slug provided","service":"user-service"}
{"level":"error","message":"No slug provided","service":"user-service"}
{"level":"error","message":"No slug provided","service":"user-service"}
{"level":"error","message":"No slug provided","service":"user-service"}
{"level":"error","message":"No slug provided","service":"user-service"}
{"level":"error","message":"No slug provided","service":"user-service"}
{"level":"error","message":"No slug provided","service":"user-service"}
{"level":"error","message":"No slug provided","service":"user-service"}
{"level":"error","message":"No slug provided","service":"user-service"}
{"level":"error","message":"No slug provided","service":"user-service"}
{"level":"error","message":"No slug provided","service":"user-service"}
{"level":"error","message":"No slug provided","service":"user-service"}
{"level":"error","message":"No slug provided","service":"user-service"}
{"level":"error","message":"HTTP error! Status: 404","service":"user-service"}
{"level":"error","message":"Error fetching posts: postResponse.json is not a function","service":"user-service","stack":"TypeError: postResponse.json is not a function\n    at getPostBySlug (webpack-internal:///(rsc)/./src/app/posts/[slug]/page.tsx:20:38)\n    at process.processTicksAndRejections (node:internal/process/task_queues:95:5)\n    at async PagePost (webpack-internal:///(rsc)/./src/app/posts/[slug]/page.tsx:32:18)"}
{"level":"error","message":"Error fetching posts: postResponse.json is not a function","service":"user-service","stack":"TypeError: postResponse.json is not a function\n    at getPostBySlug (webpack-internal:///(rsc)/./src/app/posts/[slug]/page.tsx:20:38)\n    at async PagePost (webpack-internal:///(rsc)/./src/app/posts/[slug]/page.tsx:32:18)"}
{"level":"error","message":"Error fetching posts: postResponse.json is not a function","service":"user-service","stack":"TypeError: postResponse.json is not a function\n    at getPostBySlug (webpack-internal:///(rsc)/./src/app/posts/[slug]/page.tsx:20:38)\n    at process.processTicksAndRejections (node:internal/process/task_queues:95:5)\n    at async PagePost (webpack-internal:///(rsc)/./src/app/posts/[slug]/page.tsx:32:18)"}
{"level":"error","message":"Error fetching posts: postResponse.json is not a function","service":"user-service","stack":"TypeError: postResponse.json is not a function\n    at getPostBySlug (webpack-internal:///(rsc)/./src/app/posts/[slug]/page.tsx:20:38)\n    at async PagePost (webpack-internal:///(rsc)/./src/app/posts/[slug]/page.tsx:32:18)"}
{"level":"error","message":"Error fetching posts: postResponse.json is not a function","service":"user-service","stack":"TypeError: postResponse.json is not a function\n    at getPostBySlug (webpack-internal:///(rsc)/./src/app/posts/[slug]/page.tsx:20:38)\n    at process.processTicksAndRejections (node:internal/process/task_queues:95:5)\n    at async PagePost (webpack-internal:///(rsc)/./src/app/posts/[slug]/page.tsx:32:18)"}
{"level":"error","message":"No slug provided or searchParams is undefined","service":"user-service"}
{"level":"error","message":"No slug provided or searchParams is undefined","service":"user-service"}
{"level":"error","message":"No slug provided or searchParams is undefined","service":"user-service"}
{"level":"error","message":"No slug provided or searchParams is undefined","service":"user-service"}
{"level":"error","message":"No slug provided or searchParams is undefined","service":"user-service"}
{"level":"error","message":"No slug provided or searchParams is undefined","service":"user-service"}
{"level":"error","message":"No slug provided or searchParams is undefined","service":"user-service"}
{"level":"error","message":"No slug provided or searchParams is undefined","service":"user-service"}
{"level":"error","message":"Error fetching posts: fetch failed","service":"user-service","stack":"TypeError: fetch failed\n    at node:internal/deps/undici/undici:12502:13\n    at process.processTicksAndRejections (node:internal/process/task_queues:95:5)\n    at async getPostBySlug (webpack-internal:///(rsc)/./src/app/posts/[slug]/page.tsx:14:26)\n    at async PagePost (webpack-internal:///(rsc)/./src/app/posts/[slug]/page.tsx:31:18)"}
{"level":"error","message":"Error fetching posts: post is not defined","service":"user-service","stack":"ReferenceError: post is not defined\n    at getPostBySlug (webpack-internal:///(rsc)/./src/app/posts/[slug]/page.tsx:25:9)\n    at process.processTicksAndRejections (node:internal/process/task_queues:95:5)\n    at async PagePost (webpack-internal:///(rsc)/./src/app/posts/[slug]/page.tsx:32:19)"}
{"level":"error","message":"Error fetching posts: proces is not defined","service":"user-service","stack":"ReferenceError: proces is not defined\n    at getPostBySlug (webpack-internal:///(rsc)/./src/app/posts/[slug]/page.tsx:27:31)\n    at process.processTicksAndRejections (node:internal/process/task_queues:95:5)\n    at async PagePost (webpack-internal:///(rsc)/./src/app/posts/[slug]/page.tsx:40:18)"}
{"level":"error","message":"Error fetching posts: html is not defined","service":"user-service","stack":"ReferenceError: html is not defined\n    at processMarkdown (webpack-internal:///(rsc)/./src/app/posts/[slug]/page.tsx:38:89)\n    at getPostBySlug (webpack-internal:///(rsc)/./src/app/posts/[slug]/page.tsx:30:31)\n    at process.processTicksAndRejections (node:internal/process/task_queues:95:5)\n    at async PagePost (webpack-internal:///(rsc)/./src/app/posts/[slug]/page.tsx:43:18)"}
